<?xml version="1.0" encoding="UTF-8"?>
<testng-results ignored="0" total="3" passed="3" failed="0" skipped="0">
  <reporter-output>
  </reporter-output>
  <suite started-at="2022-09-15T20:13:57 IDT" name="Default suite" finished-at="2022-09-15T20:15:46 IDT" duration-ms="108029">
    <groups>
    </groups>
    <test started-at="2022-09-15T20:13:57 IDT" name="Default test" finished-at="2022-09-15T20:15:46 IDT" duration-ms="108029">
      <class name="Tests">
        <test-method is-config="true" signature="init()[pri:0, instance:Tests@6eda5c9]" started-at="2022-09-15T20:13:57 IDT" name="init" description="initating WebDriver and open website" finished-at="2022-09-15T20:14:07 IDT" duration-ms="9926" status="PASS">
          <reporter-output>
          </reporter-output>
        </test-method> <!-- init -->
        <test-method signature="signupTest()[pri:1, instance:Tests@6eda5c9]" started-at="2022-09-15T20:14:07 IDT" name="signupTest" description="Create an account" finished-at="2022-09-15T20:14:24 IDT" duration-ms="16200" status="PASS">
          <reporter-output>
          </reporter-output>
        </test-method> <!-- signupTest -->
        <test-method signature="addItemsToCart()[pri:2, instance:Tests@6eda5c9]" started-at="2022-09-15T20:14:24 IDT" name="addItemsToCart" description="Add items to cart" finished-at="2022-09-15T20:15:18 IDT" duration-ms="54821" status="PASS">
          <reporter-output>
          </reporter-output>
        </test-method> <!-- addItemsToCart -->
        <test-method signature="CompleteOrder()[pri:3, instance:Tests@6eda5c9]" started-at="2022-09-15T20:15:18 IDT" name="CompleteOrder" description="Buy items found in the cart" finished-at="2022-09-15T20:15:45 IDT" depends-on-methods="Tests.addItemsToCart, Tests.signupTest" duration-ms="26812" status="PASS">
          <reporter-output>
          </reporter-output>
        </test-method> <!-- CompleteOrder -->
        <test-method is-config="true" signature="closeConnection()[pri:0, instance:Tests@6eda5c9]" started-at="2022-09-15T20:15:45 IDT" name="closeConnection" description="closing WebDriver" finished-at="2022-09-15T20:15:46 IDT" duration-ms="225" status="PASS">
          <reporter-output>
          </reporter-output>
        </test-method> <!-- closeConnection -->
      </class> <!-- Tests -->
    </test> <!-- Default test -->
  </suite> <!-- Default suite -->
</testng-results>
